<?xml version="1.0" encoding="UTF-8"?>
<!-- Generated by org.testng.reporters.JUnitXMLReporter -->
<testsuite hostname="vasu-PC" name="ORHM" tests="2" failures="1" timestamp="21 May 2018 16:04:47 GMT" time="10.356" errors="0">
  <testcase name="empAdd" time="6.924" classname="com.testng.AddEmpTest"/>
  <testcase name="empList" time="0.002" classname="com.testng.EmpListTest">
    <failure type="java.lang.NullPointerException">
      <![CDATA[java.lang.NullPointerException
	at com.testng.EmpListTest.empList(EmpListTest.java:14)
... Removed 24 stack frames]]>
    </failure>
  </testcase> <!-- empList -->
</testsuite> <!-- ORHM -->
