<?xml version="1.0" encoding="UTF-8"?>
<testng-results skipped="0" failed="0" total="1" passed="1">
  <reporter-output>
  </reporter-output>
  <suite name="Default suite" duration-ms="11021" started-at="2018-05-21T16:18:29Z" finished-at="2018-05-21T16:18:40Z">
    <groups>
    </groups>
    <test name="Default test" duration-ms="11021" started-at="2018-05-21T16:18:29Z" finished-at="2018-05-21T16:18:40Z">
      <class name="com.testng.AdminLoginTest">
        <test-method status="PASS" signature="appLaunch()[pri:0, instance:com.testng.AdminLoginTest@56f4468b]" name="appLaunch" duration-ms="10995" started-at="2018-05-21T21:48:29Z" finished-at="2018-05-21T21:48:40Z">
          <reporter-output>
          </reporter-output>
        </test-method> <!-- appLaunch -->
      </class> <!-- com.testng.AdminLoginTest -->
    </test> <!-- Default test -->
  </suite> <!-- Default suite -->
</testng-results>
