<?xml version="1.0" encoding="UTF-8"?>
<!-- Generated by org.testng.reporters.JUnitXMLReporter -->
<testsuite hostname="vasu-PC" name="Vasu" tests="7" failures="1" timestamp="21 May 2018 15:49:10 GMT" time="45.793" errors="0">
  <testcase name="empAdd" time="16.165" classname="com.testng.AddEmpTest">
    <failure type="java.io.IOException" message="Cannot run program &amp;quot;C:\Users\vasu\Desktop\shobha.exe&amp;quot;: CreateProcess error=2, The system cannot find the file specified">
      <![CDATA[java.io.IOException: Cannot run program "C:\Users\vasu\Desktop\shobha.exe": CreateProcess error=2, The system cannot find the file specified
	at java.lang.ProcessBuilder.start(ProcessBuilder.java:1048)
	at java.lang.Runtime.exec(Runtime.java:620)
	at java.lang.Runtime.exec(Runtime.java:450)
	at java.lang.Runtime.exec(Runtime.java:347)
	at com.testng.AddEmpTest.empAdd(AddEmpTest.java:26)
Caused by: java.io.IOException: CreateProcess error=2, The system cannot find the file specified
	at java.lang.ProcessImpl.create(Native Method)
	at java.lang.ProcessImpl.<init>(ProcessImpl.java:386)
	at java.lang.ProcessImpl.start(ProcessImpl.java:137)
	at java.lang.ProcessBuilder.start(ProcessBuilder.java:1029)
	... 28 more
... Removed 24 stack frames]]>
    </failure>
  </testcase> <!-- empAdd -->
  <testcase name="appLogin" time="12.778" classname="com.testng.AdminLoginTest"/>
  <testcase name="appLaunch" time="0.002" classname="com.testng.FirstTestNG"/>
  <testcase name="appLogin" time="3.776" classname="com.testng.BeforeTestAfterTest"/>
  <testcase name="method1" time="0.001" classname="com.testng.MultipleTest"/>
  <testcase name="method2" time="0.004" classname="com.testng.MultipleTest"/>
  <testcase name="method3" time="0.001" classname="com.testng.MultipleTest"/>
</testsuite> <!-- Vasu -->
